==7882== Memcheck, a memory error detector
==7882== Copyright (C) 2002-2022, and GNU GPL'd, by Julian Seward et al.
==7882== Using Valgrind-3.19.0 and LibVEX; rerun with -h for copyright info
==7882== Command: ./main
==7882== Parent PID: 6574
==7882== 
==7882== 
==7882== HEAP SUMMARY:
==7882==     in use at exit: 32,252,400 bytes in 199,231 blocks
==7882==   total heap usage: 200,123 allocs, 892 frees, 32,406,488 bytes allocated
==7882== 
==7882== 156 bytes in 1 blocks are possibly lost in loss record 1 of 5
==7882==    at 0x4843828: malloc (in /usr/libexec/valgrind/vgpreload_memcheck-amd64-linux.so)
==7882==    by 0x109732: createPupil (in /home/israel/Downloads/c++/main)
==7882==    by 0x1096D5: addFirst (in /home/israel/Downloads/c++/main)
==7882==    by 0x10939D: addPupil (in /home/israel/Downloads/c++/main)
==7882==    by 0x109A0A: populateSchoolFromFile (in /home/israel/Downloads/c++/main)
==7882==    by 0x109AE1: main (in /home/israel/Downloads/c++/main)
==7882==    by 0x4889A8F: __libc_start_call_main (libc_start_call_main.h:58)
==7882==    by 0x4889B48: __libc_start_main@@GLIBC_2.34 (libc-start.c:360)
==7882==    by 0x109164: _start (in /home/israel/Downloads/c++/main)
==7882==    by 0x1FFEFFFF47: ???
==7882==    by 0x37: ???
==7882== 
==7882== 960 bytes in 120 blocks are definitely lost in loss record 2 of 5
==7882==    at 0x4843828: malloc (in /usr/libexec/valgrind/vgpreload_memcheck-amd64-linux.so)
==7882==    by 0x1093F6: createLinkedList (in /home/israel/Downloads/c++/main)
==7882==    by 0x109260: createSchool (in /home/israel/Downloads/c++/main)
==7882==    by 0x109AC7: main (in /home/israel/Downloads/c++/main)
==7882==    by 0x4889A8F: __libc_start_call_main (libc_start_call_main.h:58)
==7882==    by 0x4889B48: __libc_start_main@@GLIBC_2.34 (libc-start.c:360)
==7882==    by 0x109164: _start (in /home/israel/Downloads/c++/main)
==7882==    by 0x1FFEFFFF47: ???
==7882==    by 0x37: ???
==7882== 
==7882== 15,599,844 bytes in 99,999 blocks are definitely lost in loss record 3 of 5
==7882==    at 0x4843828: malloc (in /usr/libexec/valgrind/vgpreload_memcheck-amd64-linux.so)
==7882==    by 0x109732: createPupil (in /home/israel/Downloads/c++/main)
==7882==    by 0x1096D5: addFirst (in /home/israel/Downloads/c++/main)
==7882==    by 0x10939D: addPupil (in /home/israel/Downloads/c++/main)
==7882==    by 0x109A0A: populateSchoolFromFile (in /home/israel/Downloads/c++/main)
==7882==    by 0x109AE1: main (in /home/israel/Downloads/c++/main)
==7882==    by 0x4889A8F: __libc_start_call_main (libc_start_call_main.h:58)
==7882==    by 0x4889B48: __libc_start_main@@GLIBC_2.34 (libc-start.c:360)
==7882==    by 0x109164: _start (in /home/israel/Downloads/c++/main)
==7882==    by 0x1FFEFFFF47: ???
==7882==    by 0x37: ???
==7882== 
==7882== 16,650,480 bytes in 99,110 blocks are indirectly lost in loss record 4 of 5
==7882==    at 0x4843828: malloc (in /usr/libexec/valgrind/vgpreload_memcheck-amd64-linux.so)
==7882==    by 0x109445: createNode (in /home/israel/Downloads/c++/main)
==7882==    by 0x1096E5: addFirst (in /home/israel/Downloads/c++/main)
==7882==    by 0x10939D: addPupil (in /home/israel/Downloads/c++/main)
==7882==    by 0x109A0A: populateSchoolFromFile (in /home/israel/Downloads/c++/main)
==7882==    by 0x109AE1: main (in /home/israel/Downloads/c++/main)
==7882==    by 0x4889A8F: __libc_start_call_main (libc_start_call_main.h:58)
==7882==    by 0x4889B48: __libc_start_main@@GLIBC_2.34 (libc-start.c:360)
==7882==    by 0x109164: _start (in /home/israel/Downloads/c++/main)
==7882==    by 0x1FFEFFFF47: ???
==7882==    by 0x37: ???
==7882== 
==7882== 16,651,440 (960 direct, 16,650,480 indirect) bytes in 1 blocks are definitely lost in loss record 5 of 5
==7882==    at 0x4843828: malloc (in /usr/libexec/valgrind/vgpreload_memcheck-amd64-linux.so)
==7882==    by 0x10923E: createSchool (in /home/israel/Downloads/c++/main)
==7882==    by 0x109AC7: main (in /home/israel/Downloads/c++/main)
==7882==    by 0x4889A8F: __libc_start_call_main (libc_start_call_main.h:58)
==7882==    by 0x4889B48: __libc_start_main@@GLIBC_2.34 (libc-start.c:360)
==7882==    by 0x109164: _start (in /home/israel/Downloads/c++/main)
==7882==    by 0x1FFEFFFF47: ???
==7882==    by 0x37: ???
==7882== 
==7882== LEAK SUMMARY:
==7882==    definitely lost: 15,601,764 bytes in 100,120 blocks
==7882==    indirectly lost: 16,650,480 bytes in 99,110 blocks
==7882==      possibly lost: 156 bytes in 1 blocks
==7882==    still reachable: 0 bytes in 0 blocks
==7882==         suppressed: 0 bytes in 0 blocks
==7882== 
==7882== For lists of detected and suppressed errors, rerun with: -s
==7882== ERROR SUMMARY: 4 errors from 4 contexts (suppressed: 0 from 0)